{"/Users/derenolgun/cs308_backend/controllers/authController.js": {"path":"/Users/derenolgun/cs308_backend/controllers/authController.js","statementMap":{"0":{"start":{"line":3,"column":13},"end":{"line":3,"column":43}},"1":{"start":{"line":4,"column":13},"end":{"line":4,"column":45}},"2":{"start":{"line":5,"column":19},"end":{"line":5,"column":49}},"3":{"start":{"line":6,"column":12},"end":{"line":6,"column":35}},"4":{"start":{"line":9,"column":18},"end":{"line":15,"column":1}},"5":{"start":{"line":10,"column":2},"end":{"line":14,"column":4}},"6":{"start":{"line":19,"column":0},"end":{"line":42,"column":3}},"7":{"start":{"line":20,"column":2},"end":{"line":20,"column":48}},"8":{"start":{"line":21,"column":21},"end":{"line":21,"column":46}},"9":{"start":{"line":22,"column":17},"end":{"line":22,"column":61}},"10":{"start":{"line":24,"column":2},"end":{"line":30,"column":3}},"11":{"start":{"line":25,"column":4},"end":{"line":25,"column":28}},"12":{"start":{"line":26,"column":9},"end":{"line":30,"column":3}},"13":{"start":{"line":27,"column":4},"end":{"line":27,"column":31}},"14":{"start":{"line":29,"column":4},"end":{"line":29,"column":27}},"15":{"start":{"line":32,"column":59},"end":{"line":32,"column":67}},"16":{"start":{"line":33,"column":18},"end":{"line":33,"column":85}},"17":{"start":{"line":35,"column":16},"end":{"line":35,"column":67}},"18":{"start":{"line":37,"column":2},"end":{"line":41,"column":5}},"19":{"start":{"line":45,"column":0},"end":{"line":112,"column":3}},"20":{"start":{"line":46,"column":59},"end":{"line":46,"column":67}},"21":{"start":{"line":47,"column":32},"end":{"line":47,"column":50}},"22":{"start":{"line":50,"column":2},"end":{"line":55,"column":3}},"23":{"start":{"line":51,"column":4},"end":{"line":54,"column":7}},"24":{"start":{"line":57,"column":26},"end":{"line":57,"column":45}},"25":{"start":{"line":58,"column":15},"end":{"line":58,"column":61}},"26":{"start":{"line":59,"column":2},"end":{"line":64,"column":3}},"27":{"start":{"line":60,"column":4},"end":{"line":63,"column":7}},"28":{"start":{"line":67,"column":16},"end":{"line":67,"column":58}},"29":{"start":{"line":70,"column":22},"end":{"line":70,"column":66}},"30":{"start":{"line":71,"column":2},"end":{"line":95,"column":3}},"31":{"start":{"line":72,"column":22},"end":{"line":72,"column":54}},"32":{"start":{"line":73,"column":4},"end":{"line":94,"column":5}},"33":{"start":{"line":74,"column":21},"end":{"line":74,"column":59}},"34":{"start":{"line":75,"column":6},"end":{"line":77,"column":7}},"35":{"start":{"line":76,"column":8},"end":{"line":76,"column":68}},"36":{"start":{"line":78,"column":6},"end":{"line":90,"column":7}},"37":{"start":{"line":79,"column":20},"end":{"line":81,"column":9}},"38":{"start":{"line":80,"column":15},"end":{"line":80,"column":68}},"39":{"start":{"line":82,"column":8},"end":{"line":89,"column":9}},"40":{"start":{"line":83,"column":10},"end":{"line":83,"column":61}},"41":{"start":{"line":85,"column":10},"end":{"line":88,"column":13}},"42":{"start":{"line":91,"column":6},"end":{"line":91,"column":28}},"43":{"start":{"line":93,"column":6},"end":{"line":93,"column":48}},"44":{"start":{"line":98,"column":2},"end":{"line":111,"column":5}}},"fnMap":{"0":{"name":"(anonymous_0)","decl":{"start":{"line":9,"column":18},"end":{"line":9,"column":19}},"loc":{"start":{"line":9,"column":51},"end":{"line":15,"column":1}},"line":9},"1":{"name":"(anonymous_1)","decl":{"start":{"line":19,"column":28},"end":{"line":19,"column":29}},"loc":{"start":{"line":19,"column":54},"end":{"line":42,"column":1}},"line":19},"2":{"name":"(anonymous_2)","decl":{"start":{"line":45,"column":27},"end":{"line":45,"column":28}},"loc":{"start":{"line":45,"column":53},"end":{"line":112,"column":1}},"line":45},"3":{"name":"(anonymous_3)","decl":{"start":{"line":80,"column":10},"end":{"line":80,"column":11}},"loc":{"start":{"line":80,"column":15},"end":{"line":80,"column":68}},"line":80}},"branchMap":{"0":{"loc":{"start":{"line":22,"column":17},"end":{"line":22,"column":61}},"type":"cond-expr","locations":[{"start":{"line":22,"column":43},"end":{"line":22,"column":56}},{"start":{"line":22,"column":59},"end":{"line":22,"column":61}}],"line":22},"1":{"loc":{"start":{"line":24,"column":2},"end":{"line":30,"column":3}},"type":"if","locations":[{"start":{"line":24,"column":2},"end":{"line":30,"column":3}},{"start":{"line":26,"column":9},"end":{"line":30,"column":3}}],"line":24},"2":{"loc":{"start":{"line":26,"column":9},"end":{"line":30,"column":3}},"type":"if","locations":[{"start":{"line":26,"column":9},"end":{"line":30,"column":3}},{"start":{"line":28,"column":9},"end":{"line":30,"column":3}}],"line":26},"3":{"loc":{"start":{"line":50,"column":2},"end":{"line":55,"column":3}},"type":"if","locations":[{"start":{"line":50,"column":2},"end":{"line":55,"column":3}},{"start":{},"end":{}}],"line":50},"4":{"loc":{"start":{"line":50,"column":6},"end":{"line":50,"column":25}},"type":"binary-expr","locations":[{"start":{"line":50,"column":6},"end":{"line":50,"column":12}},{"start":{"line":50,"column":16},"end":{"line":50,"column":25}}],"line":50},"5":{"loc":{"start":{"line":59,"column":2},"end":{"line":64,"column":3}},"type":"if","locations":[{"start":{"line":59,"column":2},"end":{"line":64,"column":3}},{"start":{},"end":{}}],"line":59},"6":{"loc":{"start":{"line":59,"column":6},"end":{"line":59,"column":41}},"type":"binary-expr","locations":[{"start":{"line":59,"column":6},"end":{"line":59,"column":11}},{"start":{"line":59,"column":15},"end":{"line":59,"column":41}}],"line":59},"7":{"loc":{"start":{"line":70,"column":22},"end":{"line":70,"column":66}},"type":"binary-expr","locations":[{"start":{"line":70,"column":22},"end":{"line":70,"column":43}},{"start":{"line":70,"column":47},"end":{"line":70,"column":66}}],"line":70},"8":{"loc":{"start":{"line":71,"column":2},"end":{"line":95,"column":3}},"type":"if","locations":[{"start":{"line":71,"column":2},"end":{"line":95,"column":3}},{"start":{},"end":{}}],"line":71},"9":{"loc":{"start":{"line":73,"column":4},"end":{"line":94,"column":5}},"type":"if","locations":[{"start":{"line":73,"column":4},"end":{"line":94,"column":5}},{"start":{},"end":{}}],"line":73},"10":{"loc":{"start":{"line":73,"column":8},"end":{"line":73,"column":47}},"type":"binary-expr","locations":[{"start":{"line":73,"column":8},"end":{"line":73,"column":17}},{"start":{"line":73,"column":21},"end":{"line":73,"column":47}}],"line":73},"11":{"loc":{"start":{"line":75,"column":6},"end":{"line":77,"column":7}},"type":"if","locations":[{"start":{"line":75,"column":6},"end":{"line":77,"column":7}},{"start":{},"end":{}}],"line":75},"12":{"loc":{"start":{"line":82,"column":8},"end":{"line":89,"column":9}},"type":"if","locations":[{"start":{"line":82,"column":8},"end":{"line":89,"column":9}},{"start":{"line":84,"column":15},"end":{"line":89,"column":9}}],"line":82}},"s":{"0":0,"1":0,"2":0,"3":0,"4":0,"5":0,"6":0,"7":0,"8":0,"9":0,"10":0,"11":0,"12":0,"13":0,"14":0,"15":0,"16":0,"17":0,"18":0,"19":0,"20":0,"21":0,"22":0,"23":0,"24":0,"25":0,"26":0,"27":0,"28":0,"29":0,"30":0,"31":0,"32":0,"33":0,"34":0,"35":0,"36":0,"37":0,"38":0,"39":0,"40":0,"41":0,"42":0,"43":0,"44":0},"f":{"0":0,"1":0,"2":0,"3":0},"b":{"0":[0,0],"1":[0,0],"2":[0,0],"3":[0,0],"4":[0,0],"5":[0,0],"6":[0,0],"7":[0,0],"8":[0,0],"9":[0,0],"10":[0,0],"11":[0,0],"12":[0,0]}}
,"/Users/derenolgun/cs308_backend/controllers/cartController.js": {"path":"/Users/derenolgun/cs308_backend/controllers/cartController.js","statementMap":{"0":{"start":{"line":3,"column":13},"end":{"line":3,"column":43}},"1":{"start":{"line":4,"column":16},"end":{"line":4,"column":49}},"2":{"start":{"line":5,"column":19},"end":{"line":5,"column":49}},"3":{"start":{"line":13,"column":0},"end":{"line":30,"column":3}},"4":{"start":{"line":15,"column":2},"end":{"line":25,"column":3}},"5":{"start":{"line":16,"column":4},"end":{"line":16,"column":79}},"6":{"start":{"line":18,"column":23},"end":{"line":18,"column":32}},"7":{"start":{"line":19,"column":4},"end":{"line":23,"column":5}},"8":{"start":{"line":20,"column":6},"end":{"line":22,"column":116}},"9":{"start":{"line":24,"column":4},"end":{"line":24,"column":65}},"10":{"start":{"line":26,"column":2},"end":{"line":28,"column":3}},"11":{"start":{"line":27,"column":4},"end":{"line":27,"column":79}},"12":{"start":{"line":29,"column":2},"end":{"line":29,"column":58}},"13":{"start":{"line":39,"column":0},"end":{"line":86,"column":3}},"14":{"start":{"line":40,"column":34},"end":{"line":40,"column":42}},"15":{"start":{"line":41,"column":2},"end":{"line":45,"column":3}},"16":{"start":{"line":42,"column":4},"end":{"line":44,"column":85}},"17":{"start":{"line":48,"column":18},"end":{"line":48,"column":51}},"18":{"start":{"line":49,"column":2},"end":{"line":51,"column":3}},"19":{"start":{"line":50,"column":4},"end":{"line":50,"column":82}},"20":{"start":{"line":55,"column":2},"end":{"line":62,"column":3}},"21":{"start":{"line":56,"column":4},"end":{"line":56,"column":53}},"22":{"start":{"line":57,"column":4},"end":{"line":57,"column":74}},"23":{"start":{"line":57,"column":15},"end":{"line":57,"column":74}},"24":{"start":{"line":59,"column":19},"end":{"line":59,"column":56}},"25":{"start":{"line":60,"column":4},"end":{"line":60,"column":51}},"26":{"start":{"line":60,"column":16},"end":{"line":60,"column":51}},"27":{"start":{"line":61,"column":4},"end":{"line":61,"column":55}},"28":{"start":{"line":61,"column":15},"end":{"line":61,"column":55}},"29":{"start":{"line":65,"column":23},"end":{"line":65,"column":85}},"30":{"start":{"line":65,"column":47},"end":{"line":65,"column":84}},"31":{"start":{"line":66,"column":21},"end":{"line":66,"column":61}},"32":{"start":{"line":69,"column":2},"end":{"line":74,"column":3}},"33":{"start":{"line":70,"column":4},"end":{"line":73,"column":7}},"34":{"start":{"line":77,"column":2},"end":{"line":81,"column":3}},"35":{"start":{"line":78,"column":4},"end":{"line":78,"column":38}},"36":{"start":{"line":80,"column":4},"end":{"line":80,"column":54}},"37":{"start":{"line":82,"column":2},"end":{"line":82,"column":20}},"38":{"start":{"line":85,"column":2},"end":{"line":85,"column":58}},"39":{"start":{"line":95,"column":0},"end":{"line":152,"column":3}},"40":{"start":{"line":96,"column":34},"end":{"line":96,"column":42}},"41":{"start":{"line":97,"column":2},"end":{"line":101,"column":3}},"42":{"start":{"line":98,"column":4},"end":{"line":100,"column":85}},"43":{"start":{"line":104,"column":18},"end":{"line":104,"column":51}},"44":{"start":{"line":105,"column":2},"end":{"line":107,"column":3}},"45":{"start":{"line":106,"column":4},"end":{"line":106,"column":82}},"46":{"start":{"line":111,"column":2},"end":{"line":121,"column":3}},"47":{"start":{"line":112,"column":4},"end":{"line":112,"column":53}},"48":{"start":{"line":114,"column":19},"end":{"line":114,"column":56}},"49":{"start":{"line":115,"column":4},"end":{"line":119,"column":5}},"50":{"start":{"line":116,"column":6},"end":{"line":118,"column":78}},"51":{"start":{"line":120,"column":4},"end":{"line":120,"column":39}},"52":{"start":{"line":123,"column":2},"end":{"line":125,"column":3}},"53":{"start":{"line":124,"column":4},"end":{"line":124,"column":79}},"54":{"start":{"line":128,"column":28},"end":{"line":128,"column":95}},"55":{"start":{"line":128,"column":57},"end":{"line":128,"column":94}},"56":{"start":{"line":129,"column":2},"end":{"line":131,"column":3}},"57":{"start":{"line":130,"column":4},"end":{"line":130,"column":90}},"58":{"start":{"line":134,"column":2},"end":{"line":139,"column":3}},"59":{"start":{"line":135,"column":4},"end":{"line":138,"column":7}},"60":{"start":{"line":142,"column":2},"end":{"line":148,"column":3}},"61":{"start":{"line":144,"column":4},"end":{"line":144,"column":44}},"62":{"start":{"line":147,"column":4},"end":{"line":147,"column":54}},"63":{"start":{"line":150,"column":2},"end":{"line":150,"column":20}},"64":{"start":{"line":151,"column":2},"end":{"line":151,"column":58}},"65":{"start":{"line":161,"column":0},"end":{"line":189,"column":3}},"66":{"start":{"line":162,"column":24},"end":{"line":162,"column":32}},"67":{"start":{"line":163,"column":2},"end":{"line":167,"column":3}},"68":{"start":{"line":164,"column":4},"end":{"line":166,"column":72}},"69":{"start":{"line":170,"column":2},"end":{"line":180,"column":3}},"70":{"start":{"line":171,"column":4},"end":{"line":171,"column":53}},"71":{"start":{"line":173,"column":19},"end":{"line":173,"column":56}},"72":{"start":{"line":174,"column":4},"end":{"line":178,"column":5}},"73":{"start":{"line":175,"column":6},"end":{"line":177,"column":78}},"74":{"start":{"line":179,"column":4},"end":{"line":179,"column":39}},"75":{"start":{"line":182,"column":2},"end":{"line":184,"column":3}},"76":{"start":{"line":183,"column":4},"end":{"line":183,"column":79}},"77":{"start":{"line":186,"column":2},"end":{"line":186,"column":80}},"78":{"start":{"line":186,"column":41},"end":{"line":186,"column":78}},"79":{"start":{"line":187,"column":2},"end":{"line":187,"column":20}},"80":{"start":{"line":188,"column":2},"end":{"line":188,"column":58}}},"fnMap":{"0":{"name":"(anonymous_0)","decl":{"start":{"line":13,"column":29},"end":{"line":13,"column":30}},"loc":{"start":{"line":13,"column":55},"end":{"line":30,"column":1}},"line":13},"1":{"name":"(anonymous_1)","decl":{"start":{"line":39,"column":35},"end":{"line":39,"column":36}},"loc":{"start":{"line":39,"column":61},"end":{"line":86,"column":1}},"line":39},"2":{"name":"(anonymous_2)","decl":{"start":{"line":65,"column":39},"end":{"line":65,"column":40}},"loc":{"start":{"line":65,"column":47},"end":{"line":65,"column":84}},"line":65},"3":{"name":"(anonymous_3)","decl":{"start":{"line":95,"column":36},"end":{"line":95,"column":37}},"loc":{"start":{"line":95,"column":62},"end":{"line":152,"column":1}},"line":95},"4":{"name":"(anonymous_4)","decl":{"start":{"line":128,"column":49},"end":{"line":128,"column":50}},"loc":{"start":{"line":128,"column":57},"end":{"line":128,"column":94}},"line":128},"5":{"name":"(anonymous_5)","decl":{"start":{"line":161,"column":40},"end":{"line":161,"column":41}},"loc":{"start":{"line":161,"column":66},"end":{"line":189,"column":1}},"line":161},"6":{"name":"(anonymous_6)","decl":{"start":{"line":186,"column":33},"end":{"line":186,"column":34}},"loc":{"start":{"line":186,"column":41},"end":{"line":186,"column":78}},"line":186}},"branchMap":{"0":{"loc":{"start":{"line":15,"column":2},"end":{"line":25,"column":3}},"type":"if","locations":[{"start":{"line":15,"column":2},"end":{"line":25,"column":3}},{"start":{"line":17,"column":9},"end":{"line":25,"column":3}}],"line":15},"1":{"loc":{"start":{"line":19,"column":4},"end":{"line":23,"column":5}},"type":"if","locations":[{"start":{"line":19,"column":4},"end":{"line":23,"column":5}},{"start":{},"end":{}}],"line":19},"2":{"loc":{"start":{"line":26,"column":2},"end":{"line":28,"column":3}},"type":"if","locations":[{"start":{"line":26,"column":2},"end":{"line":28,"column":3}},{"start":{},"end":{}}],"line":26},"3":{"loc":{"start":{"line":41,"column":2},"end":{"line":45,"column":3}},"type":"if","locations":[{"start":{"line":41,"column":2},"end":{"line":45,"column":3}},{"start":{},"end":{}}],"line":41},"4":{"loc":{"start":{"line":41,"column":6},"end":{"line":41,"column":29}},"type":"binary-expr","locations":[{"start":{"line":41,"column":6},"end":{"line":41,"column":16}},{"start":{"line":41,"column":20},"end":{"line":41,"column":29}}],"line":41},"5":{"loc":{"start":{"line":49,"column":2},"end":{"line":51,"column":3}},"type":"if","locations":[{"start":{"line":49,"column":2},"end":{"line":51,"column":3}},{"start":{},"end":{}}],"line":49},"6":{"loc":{"start":{"line":55,"column":2},"end":{"line":62,"column":3}},"type":"if","locations":[{"start":{"line":55,"column":2},"end":{"line":62,"column":3}},{"start":{"line":58,"column":9},"end":{"line":62,"column":3}}],"line":55},"7":{"loc":{"start":{"line":57,"column":4},"end":{"line":57,"column":74}},"type":"if","locations":[{"start":{"line":57,"column":4},"end":{"line":57,"column":74}},{"start":{},"end":{}}],"line":57},"8":{"loc":{"start":{"line":59,"column":19},"end":{"line":59,"column":56}},"type":"binary-expr","locations":[{"start":{"line":59,"column":19},"end":{"line":59,"column":37}},{"start":{"line":59,"column":41},"end":{"line":59,"column":56}}],"line":59},"9":{"loc":{"start":{"line":60,"column":4},"end":{"line":60,"column":51}},"type":"if","locations":[{"start":{"line":60,"column":4},"end":{"line":60,"column":51}},{"start":{},"end":{}}],"line":60},"10":{"loc":{"start":{"line":61,"column":4},"end":{"line":61,"column":55}},"type":"if","locations":[{"start":{"line":61,"column":4},"end":{"line":61,"column":55}},{"start":{},"end":{}}],"line":61},"11":{"loc":{"start":{"line":66,"column":21},"end":{"line":66,"column":61}},"type":"cond-expr","locations":[{"start":{"line":66,"column":36},"end":{"line":66,"column":57}},{"start":{"line":66,"column":60},"end":{"line":66,"column":61}}],"line":66},"12":{"loc":{"start":{"line":69,"column":2},"end":{"line":74,"column":3}},"type":"if","locations":[{"start":{"line":69,"column":2},"end":{"line":74,"column":3}},{"start":{},"end":{}}],"line":69},"13":{"loc":{"start":{"line":77,"column":2},"end":{"line":81,"column":3}},"type":"if","locations":[{"start":{"line":77,"column":2},"end":{"line":81,"column":3}},{"start":{"line":79,"column":9},"end":{"line":81,"column":3}}],"line":77},"14":{"loc":{"start":{"line":97,"column":2},"end":{"line":101,"column":3}},"type":"if","locations":[{"start":{"line":97,"column":2},"end":{"line":101,"column":3}},{"start":{},"end":{}}],"line":97},"15":{"loc":{"start":{"line":97,"column":6},"end":{"line":97,"column":29}},"type":"binary-expr","locations":[{"start":{"line":97,"column":6},"end":{"line":97,"column":16}},{"start":{"line":97,"column":20},"end":{"line":97,"column":29}}],"line":97},"16":{"loc":{"start":{"line":105,"column":2},"end":{"line":107,"column":3}},"type":"if","locations":[{"start":{"line":105,"column":2},"end":{"line":107,"column":3}},{"start":{},"end":{}}],"line":105},"17":{"loc":{"start":{"line":111,"column":2},"end":{"line":121,"column":3}},"type":"if","locations":[{"start":{"line":111,"column":2},"end":{"line":121,"column":3}},{"start":{"line":113,"column":9},"end":{"line":121,"column":3}}],"line":111},"18":{"loc":{"start":{"line":114,"column":19},"end":{"line":114,"column":56}},"type":"binary-expr","locations":[{"start":{"line":114,"column":19},"end":{"line":114,"column":37}},{"start":{"line":114,"column":41},"end":{"line":114,"column":56}}],"line":114},"19":{"loc":{"start":{"line":115,"column":4},"end":{"line":119,"column":5}},"type":"if","locations":[{"start":{"line":115,"column":4},"end":{"line":119,"column":5}},{"start":{},"end":{}}],"line":115},"20":{"loc":{"start":{"line":123,"column":2},"end":{"line":125,"column":3}},"type":"if","locations":[{"start":{"line":123,"column":2},"end":{"line":125,"column":3}},{"start":{},"end":{}}],"line":123},"21":{"loc":{"start":{"line":129,"column":2},"end":{"line":131,"column":3}},"type":"if","locations":[{"start":{"line":129,"column":2},"end":{"line":131,"column":3}},{"start":{},"end":{}}],"line":129},"22":{"loc":{"start":{"line":134,"column":2},"end":{"line":139,"column":3}},"type":"if","locations":[{"start":{"line":134,"column":2},"end":{"line":139,"column":3}},{"start":{},"end":{}}],"line":134},"23":{"loc":{"start":{"line":142,"column":2},"end":{"line":148,"column":3}},"type":"if","locations":[{"start":{"line":142,"column":2},"end":{"line":148,"column":3}},{"start":{"line":145,"column":9},"end":{"line":148,"column":3}}],"line":142},"24":{"loc":{"start":{"line":163,"column":2},"end":{"line":167,"column":3}},"type":"if","locations":[{"start":{"line":163,"column":2},"end":{"line":167,"column":3}},{"start":{},"end":{}}],"line":163},"25":{"loc":{"start":{"line":170,"column":2},"end":{"line":180,"column":3}},"type":"if","locations":[{"start":{"line":170,"column":2},"end":{"line":180,"column":3}},{"start":{"line":172,"column":9},"end":{"line":180,"column":3}}],"line":170},"26":{"loc":{"start":{"line":173,"column":19},"end":{"line":173,"column":56}},"type":"binary-expr","locations":[{"start":{"line":173,"column":19},"end":{"line":173,"column":37}},{"start":{"line":173,"column":41},"end":{"line":173,"column":56}}],"line":173},"27":{"loc":{"start":{"line":174,"column":4},"end":{"line":178,"column":5}},"type":"if","locations":[{"start":{"line":174,"column":4},"end":{"line":178,"column":5}},{"start":{},"end":{}}],"line":174},"28":{"loc":{"start":{"line":182,"column":2},"end":{"line":184,"column":3}},"type":"if","locations":[{"start":{"line":182,"column":2},"end":{"line":184,"column":3}},{"start":{},"end":{}}],"line":182}},"s":{"0":0,"1":0,"2":0,"3":0,"4":0,"5":0,"6":0,"7":0,"8":0,"9":0,"10":0,"11":0,"12":0,"13":0,"14":0,"15":0,"16":0,"17":0,"18":0,"19":0,"20":0,"21":0,"22":0,"23":0,"24":0,"25":0,"26":0,"27":0,"28":0,"29":0,"30":0,"31":0,"32":0,"33":0,"34":0,"35":0,"36":0,"37":0,"38":0,"39":0,"40":0,"41":0,"42":0,"43":0,"44":0,"45":0,"46":0,"47":0,"48":0,"49":0,"50":0,"51":0,"52":0,"53":0,"54":0,"55":0,"56":0,"57":0,"58":0,"59":0,"60":0,"61":0,"62":0,"63":0,"64":0,"65":0,"66":0,"67":0,"68":0,"69":0,"70":0,"71":0,"72":0,"73":0,"74":0,"75":0,"76":0,"77":0,"78":0,"79":0,"80":0},"f":{"0":0,"1":0,"2":0,"3":0,"4":0,"5":0,"6":0},"b":{"0":[0,0],"1":[0,0],"2":[0,0],"3":[0,0],"4":[0,0],"5":[0,0],"6":[0,0],"7":[0,0],"8":[0,0],"9":[0,0],"10":[0,0],"11":[0,0],"12":[0,0],"13":[0,0],"14":[0,0],"15":[0,0],"16":[0,0],"17":[0,0],"18":[0,0],"19":[0,0],"20":[0,0],"21":[0,0],"22":[0,0],"23":[0,0],"24":[0,0],"25":[0,0],"26":[0,0],"27":[0,0],"28":[0,0]}}
,"/Users/derenolgun/cs308_backend/controllers/categoryController.js": {"path":"/Users/derenolgun/cs308_backend/controllers/categoryController.js","statementMap":{"0":{"start":{"line":1,"column":17},"end":{"line":1,"column":51}},"1":{"start":{"line":2,"column":19},"end":{"line":2,"column":49}},"2":{"start":{"line":5,"column":0},"end":{"line":11,"column":3}},"3":{"start":{"line":6,"column":22},"end":{"line":6,"column":53}},"4":{"start":{"line":7,"column":2},"end":{"line":10,"column":5}},"5":{"start":{"line":14,"column":0},"end":{"line":21,"column":3}},"6":{"start":{"line":15,"column":21},"end":{"line":15,"column":42}},"7":{"start":{"line":16,"column":2},"end":{"line":20,"column":5}},"8":{"start":{"line":24,"column":0},"end":{"line":38,"column":3}},"9":{"start":{"line":25,"column":17},"end":{"line":25,"column":27}},"10":{"start":{"line":26,"column":19},"end":{"line":26,"column":67}},"11":{"start":{"line":27,"column":2},"end":{"line":29,"column":3}},"12":{"start":{"line":28,"column":4},"end":{"line":28,"column":83}},"13":{"start":{"line":30,"column":2},"end":{"line":37,"column":5}}},"fnMap":{"0":{"name":"(anonymous_0)","decl":{"start":{"line":5,"column":36},"end":{"line":5,"column":37}},"loc":{"start":{"line":5,"column":62},"end":{"line":11,"column":1}},"line":5},"1":{"name":"(anonymous_1)","decl":{"start":{"line":14,"column":38},"end":{"line":14,"column":39}},"loc":{"start":{"line":14,"column":64},"end":{"line":21,"column":1}},"line":14},"2":{"name":"(anonymous_2)","decl":{"start":{"line":24,"column":43},"end":{"line":24,"column":44}},"loc":{"start":{"line":24,"column":69},"end":{"line":38,"column":1}},"line":24}},"branchMap":{"0":{"loc":{"start":{"line":27,"column":2},"end":{"line":29,"column":3}},"type":"if","locations":[{"start":{"line":27,"column":2},"end":{"line":29,"column":3}},{"start":{},"end":{}}],"line":27}},"s":{"0":0,"1":0,"2":0,"3":0,"4":0,"5":0,"6":0,"7":0,"8":0,"9":0,"10":0,"11":0,"12":0,"13":0},"f":{"0":0,"1":0,"2":0},"b":{"0":[0,0]}}
,"/Users/derenolgun/cs308_backend/controllers/orderController.js": {"path":"/Users/derenolgun/cs308_backend/controllers/orderController.js","statementMap":{"0":{"start":{"line":1,"column":11},"end":{"line":1,"column":24}},"1":{"start":{"line":2,"column":13},"end":{"line":2,"column":28}},"2":{"start":{"line":3,"column":20},"end":{"line":3,"column":37}},"3":{"start":{"line":4,"column":19},"end":{"line":4,"column":40}},"4":{"start":{"line":5,"column":14},"end":{"line":5,"column":45}},"5":{"start":{"line":6,"column":13},"end":{"line":6,"column":43}},"6":{"start":{"line":7,"column":16},"end":{"line":7,"column":49}},"7":{"start":{"line":8,"column":19},"end":{"line":8,"column":49}},"8":{"start":{"line":9,"column":13},"end":{"line":9,"column":43}},"9":{"start":{"line":12,"column":0},"end":{"line":137,"column":3}},"10":{"start":{"line":14,"column":15},"end":{"line":14,"column":82}},"11":{"start":{"line":15,"column":2},"end":{"line":17,"column":3}},"12":{"start":{"line":16,"column":4},"end":{"line":16,"column":79}},"13":{"start":{"line":20,"column":15},"end":{"line":20,"column":47}},"14":{"start":{"line":23,"column":2},"end":{"line":28,"column":3}},"15":{"start":{"line":24,"column":4},"end":{"line":27,"column":7}},"16":{"start":{"line":31,"column":2},"end":{"line":36,"column":3}},"17":{"start":{"line":32,"column":4},"end":{"line":35,"column":7}},"18":{"start":{"line":39,"column":39},"end":{"line":39,"column":51}},"19":{"start":{"line":40,"column":2},"end":{"line":45,"column":3}},"20":{"start":{"line":41,"column":4},"end":{"line":44,"column":7}},"21":{"start":{"line":48,"column":14},"end":{"line":48,"column":15}},"22":{"start":{"line":49,"column":21},"end":{"line":56,"column":4}},"23":{"start":{"line":50,"column":4},"end":{"line":50,"column":42}},"24":{"start":{"line":51,"column":4},"end":{"line":55,"column":6}},"25":{"start":{"line":59,"column":16},"end":{"line":68,"column":4}},"26":{"start":{"line":71,"column":2},"end":{"line":75,"column":6}},"27":{"start":{"line":72,"column":14},"end":{"line":72,"column":50}},"28":{"start":{"line":73,"column":4},"end":{"line":73,"column":39}},"29":{"start":{"line":74,"column":4},"end":{"line":74,"column":20}},"30":{"start":{"line":78,"column":2},"end":{"line":78,"column":18}},"31":{"start":{"line":79,"column":2},"end":{"line":79,"column":20}},"32":{"start":{"line":82,"column":14},"end":{"line":82,"column":31}},"33":{"start":{"line":83,"column":19},"end":{"line":83,"column":45}},"34":{"start":{"line":84,"column":22},"end":{"line":84,"column":57}},"35":{"start":{"line":85,"column":2},"end":{"line":87,"column":3}},"36":{"start":{"line":86,"column":4},"end":{"line":86,"column":51}},"37":{"start":{"line":88,"column":19},"end":{"line":88,"column":51}},"38":{"start":{"line":89,"column":22},"end":{"line":89,"column":52}},"39":{"start":{"line":90,"column":2},"end":{"line":90,"column":24}},"40":{"start":{"line":92,"column":2},"end":{"line":92,"column":79}},"41":{"start":{"line":93,"column":2},"end":{"line":93,"column":75}},"42":{"start":{"line":94,"column":2},"end":{"line":94,"column":17}},"43":{"start":{"line":97,"column":2},"end":{"line":97,"column":66}},"44":{"start":{"line":98,"column":2},"end":{"line":98,"column":40}},"45":{"start":{"line":99,"column":2},"end":{"line":99,"column":46}},"46":{"start":{"line":100,"column":2},"end":{"line":100,"column":81}},"47":{"start":{"line":101,"column":2},"end":{"line":101,"column":17}},"48":{"start":{"line":103,"column":2},"end":{"line":103,"column":61}},"49":{"start":{"line":104,"column":2},"end":{"line":106,"column":5}},"50":{"start":{"line":105,"column":4},"end":{"line":105,"column":92}},"51":{"start":{"line":107,"column":2},"end":{"line":107,"column":58}},"52":{"start":{"line":108,"column":2},"end":{"line":108,"column":12}},"53":{"start":{"line":109,"column":2},"end":{"line":109,"column":66}},"54":{"start":{"line":109,"column":31},"end":{"line":109,"column":64}},"55":{"start":{"line":112,"column":22},"end":{"line":120,"column":4}},"56":{"start":{"line":121,"column":2},"end":{"line":127,"column":5}},"57":{"start":{"line":130,"column":2},"end":{"line":136,"column":5}},"58":{"start":{"line":140,"column":0},"end":{"line":143,"column":3}},"59":{"start":{"line":141,"column":17},"end":{"line":141,"column":82}},"60":{"start":{"line":142,"column":2},"end":{"line":142,"column":60}},"61":{"start":{"line":147,"column":0},"end":{"line":171,"column":3}},"62":{"start":{"line":148,"column":17},"end":{"line":148,"column":27}},"63":{"start":{"line":149,"column":21},"end":{"line":149,"column":29}},"64":{"start":{"line":152,"column":2},"end":{"line":157,"column":3}},"65":{"start":{"line":153,"column":4},"end":{"line":156,"column":7}},"66":{"start":{"line":160,"column":16},"end":{"line":164,"column":29}},"67":{"start":{"line":166,"column":2},"end":{"line":168,"column":3}},"68":{"start":{"line":167,"column":4},"end":{"line":167,"column":80}},"69":{"start":{"line":170,"column":2},"end":{"line":170,"column":59}}},"fnMap":{"0":{"name":"(anonymous_0)","decl":{"start":{"line":12,"column":30},"end":{"line":12,"column":31}},"loc":{"start":{"line":12,"column":56},"end":{"line":137,"column":1}},"line":12},"1":{"name":"(anonymous_1)","decl":{"start":{"line":49,"column":36},"end":{"line":49,"column":37}},"loc":{"start":{"line":49,"column":41},"end":{"line":56,"column":3}},"line":49},"2":{"name":"(anonymous_2)","decl":{"start":{"line":71,"column":35},"end":{"line":71,"column":36}},"loc":{"start":{"line":71,"column":49},"end":{"line":75,"column":3}},"line":71},"3":{"name":"(anonymous_3)","decl":{"start":{"line":104,"column":22},"end":{"line":104,"column":23}},"loc":{"start":{"line":104,"column":28},"end":{"line":106,"column":3}},"line":104},"4":{"name":"(anonymous_4)","decl":{"start":{"line":109,"column":20},"end":{"line":109,"column":21}},"loc":{"start":{"line":109,"column":31},"end":{"line":109,"column":64}},"line":109},"5":{"name":"(anonymous_5)","decl":{"start":{"line":140,"column":31},"end":{"line":140,"column":32}},"loc":{"start":{"line":140,"column":57},"end":{"line":143,"column":1}},"line":140},"6":{"name":"(anonymous_6)","decl":{"start":{"line":147,"column":39},"end":{"line":147,"column":40}},"loc":{"start":{"line":147,"column":65},"end":{"line":171,"column":1}},"line":147}},"branchMap":{"0":{"loc":{"start":{"line":15,"column":2},"end":{"line":17,"column":3}},"type":"if","locations":[{"start":{"line":15,"column":2},"end":{"line":17,"column":3}},{"start":{},"end":{}}],"line":15},"1":{"loc":{"start":{"line":15,"column":6},"end":{"line":15,"column":38}},"type":"binary-expr","locations":[{"start":{"line":15,"column":6},"end":{"line":15,"column":11}},{"start":{"line":15,"column":15},"end":{"line":15,"column":38}}],"line":15},"2":{"loc":{"start":{"line":23,"column":2},"end":{"line":28,"column":3}},"type":"if","locations":[{"start":{"line":23,"column":2},"end":{"line":28,"column":3}},{"start":{},"end":{}}],"line":23},"3":{"loc":{"start":{"line":31,"column":2},"end":{"line":36,"column":3}},"type":"if","locations":[{"start":{"line":31,"column":2},"end":{"line":36,"column":3}},{"start":{},"end":{}}],"line":31},"4":{"loc":{"start":{"line":40,"column":2},"end":{"line":45,"column":3}},"type":"if","locations":[{"start":{"line":40,"column":2},"end":{"line":45,"column":3}},{"start":{},"end":{}}],"line":40},"5":{"loc":{"start":{"line":40,"column":6},"end":{"line":40,"column":111}},"type":"binary-expr","locations":[{"start":{"line":40,"column":6},"end":{"line":40,"column":13}},{"start":{"line":40,"column":17},"end":{"line":40,"column":37}},{"start":{"line":40,"column":41},"end":{"line":40,"column":46}},{"start":{"line":40,"column":50},"end":{"line":40,"column":68}},{"start":{"line":40,"column":72},"end":{"line":40,"column":83}},{"start":{"line":40,"column":87},"end":{"line":40,"column":111}}],"line":40},"6":{"loc":{"start":{"line":85,"column":2},"end":{"line":87,"column":3}},"type":"if","locations":[{"start":{"line":85,"column":2},"end":{"line":87,"column":3}},{"start":{},"end":{}}],"line":85},"7":{"loc":{"start":{"line":152,"column":2},"end":{"line":157,"column":3}},"type":"if","locations":[{"start":{"line":152,"column":2},"end":{"line":157,"column":3}},{"start":{},"end":{}}],"line":152},"8":{"loc":{"start":{"line":166,"column":2},"end":{"line":168,"column":3}},"type":"if","locations":[{"start":{"line":166,"column":2},"end":{"line":168,"column":3}},{"start":{},"end":{}}],"line":166}},"s":{"0":0,"1":0,"2":0,"3":0,"4":0,"5":0,"6":0,"7":0,"8":0,"9":0,"10":0,"11":0,"12":0,"13":0,"14":0,"15":0,"16":0,"17":0,"18":0,"19":0,"20":0,"21":0,"22":0,"23":0,"24":0,"25":0,"26":0,"27":0,"28":0,"29":0,"30":0,"31":0,"32":0,"33":0,"34":0,"35":0,"36":0,"37":0,"38":0,"39":0,"40":0,"41":0,"42":0,"43":0,"44":0,"45":0,"46":0,"47":0,"48":0,"49":0,"50":0,"51":0,"52":0,"53":0,"54":0,"55":0,"56":0,"57":0,"58":0,"59":0,"60":0,"61":0,"62":0,"63":0,"64":0,"65":0,"66":0,"67":0,"68":0,"69":0},"f":{"0":0,"1":0,"2":0,"3":0,"4":0,"5":0,"6":0},"b":{"0":[0,0],"1":[0,0],"2":[0,0],"3":[0,0],"4":[0,0],"5":[0,0,0,0,0,0],"6":[0,0],"7":[0,0],"8":[0,0]}}
,"/Users/derenolgun/cs308_backend/controllers/productController.js": {"path":"/Users/derenolgun/cs308_backend/controllers/productController.js","statementMap":{"0":{"start":{"line":3,"column":16},"end":{"line":3,"column":49}},"1":{"start":{"line":4,"column":19},"end":{"line":4,"column":49}},"2":{"start":{"line":6,"column":0},"end":{"line":15,"column":3}},"3":{"start":{"line":7,"column":19},"end":{"line":7,"column":68}},"4":{"start":{"line":9,"column":2},"end":{"line":14,"column":5}},"5":{"start":{"line":17,"column":0},"end":{"line":27,"column":3}},"6":{"start":{"line":19,"column":21},"end":{"line":19,"column":51}},"7":{"start":{"line":21,"column":2},"end":{"line":26,"column":5}},"8":{"start":{"line":30,"column":0},"end":{"line":60,"column":3}},"9":{"start":{"line":31,"column":27},"end":{"line":31,"column":36}},"10":{"start":{"line":32,"column":15},"end":{"line":32,"column":17}},"11":{"start":{"line":34,"column":2},"end":{"line":39,"column":3}},"12":{"start":{"line":35,"column":4},"end":{"line":38,"column":6}},"13":{"start":{"line":41,"column":14},"end":{"line":41,"column":34}},"14":{"start":{"line":43,"column":2},"end":{"line":49,"column":3}},"15":{"start":{"line":44,"column":27},"end":{"line":44,"column":42}},"16":{"start":{"line":45,"column":4},"end":{"line":48,"column":5}},"17":{"start":{"line":46,"column":24},"end":{"line":46,"column":48}},"18":{"start":{"line":47,"column":6},"end":{"line":47,"column":49}},"19":{"start":{"line":51,"column":19},"end":{"line":51,"column":30}},"20":{"start":{"line":53,"column":2},"end":{"line":59,"column":5}},"21":{"start":{"line":62,"column":0},"end":{"line":78,"column":3}},"22":{"start":{"line":63,"column":18},"end":{"line":63,"column":84}},"23":{"start":{"line":65,"column":2},"end":{"line":70,"column":3}},"24":{"start":{"line":66,"column":4},"end":{"line":69,"column":7}},"25":{"start":{"line":72,"column":2},"end":{"line":77,"column":5}}},"fnMap":{"0":{"name":"(anonymous_0)","decl":{"start":{"line":6,"column":33},"end":{"line":6,"column":34}},"loc":{"start":{"line":6,"column":59},"end":{"line":15,"column":1}},"line":6},"1":{"name":"(anonymous_1)","decl":{"start":{"line":17,"column":35},"end":{"line":17,"column":36}},"loc":{"start":{"line":17,"column":61},"end":{"line":27,"column":1}},"line":17},"2":{"name":"(anonymous_2)","decl":{"start":{"line":30,"column":33},"end":{"line":30,"column":34}},"loc":{"start":{"line":30,"column":59},"end":{"line":60,"column":1}},"line":30},"3":{"name":"(anonymous_3)","decl":{"start":{"line":62,"column":36},"end":{"line":62,"column":37}},"loc":{"start":{"line":62,"column":62},"end":{"line":78,"column":1}},"line":62}},"branchMap":{"0":{"loc":{"start":{"line":34,"column":2},"end":{"line":39,"column":3}},"type":"if","locations":[{"start":{"line":34,"column":2},"end":{"line":39,"column":3}},{"start":{},"end":{}}],"line":34},"1":{"loc":{"start":{"line":43,"column":2},"end":{"line":49,"column":3}},"type":"if","locations":[{"start":{"line":43,"column":2},"end":{"line":49,"column":3}},{"start":{},"end":{}}],"line":43},"2":{"loc":{"start":{"line":45,"column":4},"end":{"line":48,"column":5}},"type":"if","locations":[{"start":{"line":45,"column":4},"end":{"line":48,"column":5}},{"start":{},"end":{}}],"line":45},"3":{"loc":{"start":{"line":45,"column":8},"end":{"line":45,"column":65}},"type":"binary-expr","locations":[{"start":{"line":45,"column":8},"end":{"line":45,"column":13}},{"start":{"line":45,"column":17},"end":{"line":45,"column":22}},{"start":{"line":45,"column":26},"end":{"line":45,"column":65}}],"line":45},"4":{"loc":{"start":{"line":46,"column":24},"end":{"line":46,"column":48}},"type":"cond-expr","locations":[{"start":{"line":46,"column":42},"end":{"line":46,"column":43}},{"start":{"line":46,"column":46},"end":{"line":46,"column":48}}],"line":46},"5":{"loc":{"start":{"line":65,"column":2},"end":{"line":70,"column":3}},"type":"if","locations":[{"start":{"line":65,"column":2},"end":{"line":70,"column":3}},{"start":{},"end":{}}],"line":65}},"s":{"0":0,"1":0,"2":0,"3":0,"4":0,"5":0,"6":0,"7":0,"8":0,"9":0,"10":0,"11":0,"12":0,"13":0,"14":0,"15":0,"16":0,"17":0,"18":0,"19":0,"20":0,"21":0,"22":0,"23":0,"24":0,"25":0},"f":{"0":0,"1":0,"2":0,"3":0},"b":{"0":[0,0],"1":[0,0],"2":[0,0],"3":[0,0,0],"4":[0,0],"5":[0,0]}}
,"/Users/derenolgun/cs308_backend/controllers/reviewController.js": {"path":"/Users/derenolgun/cs308_backend/controllers/reviewController.js","statementMap":{"0":{"start":{"line":3,"column":15},"end":{"line":3,"column":47}},"1":{"start":{"line":4,"column":16},"end":{"line":4,"column":49}},"2":{"start":{"line":5,"column":17},"end":{"line":5,"column":48}},"3":{"start":{"line":6,"column":19},"end":{"line":6,"column":49}},"4":{"start":{"line":10,"column":31},"end":{"line":17,"column":1}},"5":{"start":{"line":11,"column":16},"end":{"line":15,"column":4}},"6":{"start":{"line":16,"column":2},"end":{"line":16,"column":17}},"7":{"start":{"line":20,"column":0},"end":{"line":65,"column":3}},"8":{"start":{"line":21,"column":20},"end":{"line":21,"column":33}},"9":{"start":{"line":22,"column":17},"end":{"line":22,"column":28}},"10":{"start":{"line":27,"column":30},"end":{"line":27,"column":38}},"11":{"start":{"line":31,"column":20},"end":{"line":31,"column":67}},"12":{"start":{"line":32,"column":3},"end":{"line":37,"column":4}},"13":{"start":{"line":33,"column":5},"end":{"line":36,"column":8}},"14":{"start":{"line":40,"column":2},"end":{"line":45,"column":3}},"15":{"start":{"line":41,"column":4},"end":{"line":44,"column":7}},"16":{"start":{"line":49,"column":17},"end":{"line":55,"column":4}},"17":{"start":{"line":59,"column":2},"end":{"line":64,"column":5}},"18":{"start":{"line":68,"column":0},"end":{"line":92,"column":3}},"19":{"start":{"line":69,"column":20},"end":{"line":69,"column":33}},"20":{"start":{"line":71,"column":18},"end":{"line":71,"column":59}},"21":{"start":{"line":76,"column":27},"end":{"line":82,"column":4}},"22":{"start":{"line":77,"column":22},"end":{"line":77,"column":39}},"23":{"start":{"line":78,"column":4},"end":{"line":80,"column":5}},"24":{"start":{"line":79,"column":6},"end":{"line":79,"column":29}},"25":{"start":{"line":81,"column":4},"end":{"line":81,"column":21}},"26":{"start":{"line":86,"column":2},"end":{"line":91,"column":5}},"27":{"start":{"line":95,"column":0},"end":{"line":110,"column":3}},"28":{"start":{"line":96,"column":19},"end":{"line":96,"column":38}},"29":{"start":{"line":99,"column":17},"end":{"line":99,"column":113}},"30":{"start":{"line":100,"column":2},"end":{"line":102,"column":3}},"31":{"start":{"line":101,"column":4},"end":{"line":101,"column":65}},"32":{"start":{"line":104,"column":2},"end":{"line":109,"column":5}}},"fnMap":{"0":{"name":"(anonymous_0)","decl":{"start":{"line":10,"column":31},"end":{"line":10,"column":32}},"loc":{"start":{"line":10,"column":60},"end":{"line":17,"column":1}},"line":10},"1":{"name":"(anonymous_1)","decl":{"start":{"line":20,"column":34},"end":{"line":20,"column":35}},"loc":{"start":{"line":20,"column":60},"end":{"line":65,"column":1}},"line":20},"2":{"name":"(anonymous_2)","decl":{"start":{"line":68,"column":39},"end":{"line":68,"column":40}},"loc":{"start":{"line":68,"column":65},"end":{"line":92,"column":1}},"line":68},"3":{"name":"(anonymous_3)","decl":{"start":{"line":76,"column":39},"end":{"line":76,"column":40}},"loc":{"start":{"line":76,"column":49},"end":{"line":82,"column":3}},"line":76},"4":{"name":"(anonymous_4)","decl":{"start":{"line":95,"column":35},"end":{"line":95,"column":36}},"loc":{"start":{"line":95,"column":61},"end":{"line":110,"column":1}},"line":95}},"branchMap":{"0":{"loc":{"start":{"line":32,"column":3},"end":{"line":37,"column":4}},"type":"if","locations":[{"start":{"line":32,"column":3},"end":{"line":37,"column":4}},{"start":{},"end":{}}],"line":32},"1":{"loc":{"start":{"line":40,"column":2},"end":{"line":45,"column":3}},"type":"if","locations":[{"start":{"line":40,"column":2},"end":{"line":45,"column":3}},{"start":{},"end":{}}],"line":40},"2":{"loc":{"start":{"line":40,"column":6},"end":{"line":40,"column":31}},"type":"binary-expr","locations":[{"start":{"line":40,"column":6},"end":{"line":40,"column":16}},{"start":{"line":40,"column":20},"end":{"line":40,"column":31}}],"line":40},"3":{"loc":{"start":{"line":78,"column":4},"end":{"line":80,"column":5}},"type":"if","locations":[{"start":{"line":78,"column":4},"end":{"line":80,"column":5}},{"start":{},"end":{}}],"line":78},"4":{"loc":{"start":{"line":78,"column":8},"end":{"line":78,"column":48}},"type":"binary-expr","locations":[{"start":{"line":78,"column":8},"end":{"line":78,"column":25}},{"start":{"line":78,"column":29},"end":{"line":78,"column":48}}],"line":78},"5":{"loc":{"start":{"line":100,"column":2},"end":{"line":102,"column":3}},"type":"if","locations":[{"start":{"line":100,"column":2},"end":{"line":102,"column":3}},{"start":{},"end":{}}],"line":100}},"s":{"0":0,"1":0,"2":0,"3":0,"4":0,"5":0,"6":0,"7":0,"8":0,"9":0,"10":0,"11":0,"12":0,"13":0,"14":0,"15":0,"16":0,"17":0,"18":0,"19":0,"20":0,"21":0,"22":0,"23":0,"24":0,"25":0,"26":0,"27":0,"28":0,"29":0,"30":0,"31":0,"32":0},"f":{"0":0,"1":0,"2":0,"3":0,"4":0},"b":{"0":[0,0],"1":[0,0],"2":[0,0],"3":[0,0],"4":[0,0],"5":[0,0]}}
,"/Users/derenolgun/cs308_backend/controllers/userController.js": {"path":"/Users/derenolgun/cs308_backend/controllers/userController.js","statementMap":{"0":{"start":{"line":2,"column":13},"end":{"line":2,"column":43}},"1":{"start":{"line":3,"column":19},"end":{"line":3,"column":49}},"2":{"start":{"line":4,"column":18},"end":{"line":4,"column":38}},"3":{"start":{"line":6,"column":0},"end":{"line":35,"column":3}},"4":{"start":{"line":8,"column":2},"end":{"line":8,"column":64}},"5":{"start":{"line":11,"column":15},"end":{"line":11,"column":89}},"6":{"start":{"line":13,"column":2},"end":{"line":19,"column":3}},"7":{"start":{"line":14,"column":4},"end":{"line":14,"column":56}},"8":{"start":{"line":15,"column":4},"end":{"line":18,"column":7}},"9":{"start":{"line":21,"column":2},"end":{"line":21,"column":52}},"10":{"start":{"line":23,"column":2},"end":{"line":34,"column":5}},"11":{"start":{"line":37,"column":0},"end":{"line":71,"column":3}},"12":{"start":{"line":39,"column":39},"end":{"line":39,"column":47}},"13":{"start":{"line":42,"column":2},"end":{"line":47,"column":3}},"14":{"start":{"line":43,"column":4},"end":{"line":46,"column":7}},"15":{"start":{"line":50,"column":2},"end":{"line":55,"column":3}},"16":{"start":{"line":51,"column":4},"end":{"line":54,"column":7}},"17":{"start":{"line":59,"column":22},"end":{"line":63,"column":3}},"18":{"start":{"line":65,"column":2},"end":{"line":70,"column":5}},"19":{"start":{"line":74,"column":0},"end":{"line":107,"column":3}},"20":{"start":{"line":75,"column":15},"end":{"line":75,"column":47}},"21":{"start":{"line":77,"column":2},"end":{"line":82,"column":3}},"22":{"start":{"line":78,"column":4},"end":{"line":81,"column":7}},"23":{"start":{"line":85,"column":2},"end":{"line":93,"column":3}},"24":{"start":{"line":87,"column":4},"end":{"line":91,"column":6}},"25":{"start":{"line":92,"column":4},"end":{"line":92,"column":22}},"26":{"start":{"line":95,"column":2},"end":{"line":106,"column":5}}},"fnMap":{"0":{"name":"(anonymous_0)","decl":{"start":{"line":6,"column":32},"end":{"line":6,"column":33}},"loc":{"start":{"line":6,"column":58},"end":{"line":35,"column":1}},"line":6},"1":{"name":"(anonymous_1)","decl":{"start":{"line":37,"column":35},"end":{"line":37,"column":36}},"loc":{"start":{"line":37,"column":61},"end":{"line":71,"column":1}},"line":37},"2":{"name":"(anonymous_2)","decl":{"start":{"line":74,"column":40},"end":{"line":74,"column":41}},"loc":{"start":{"line":74,"column":66},"end":{"line":107,"column":1}},"line":74}},"branchMap":{"0":{"loc":{"start":{"line":13,"column":2},"end":{"line":19,"column":3}},"type":"if","locations":[{"start":{"line":13,"column":2},"end":{"line":19,"column":3}},{"start":{},"end":{}}],"line":13},"1":{"loc":{"start":{"line":42,"column":2},"end":{"line":47,"column":3}},"type":"if","locations":[{"start":{"line":42,"column":2},"end":{"line":47,"column":3}},{"start":{},"end":{}}],"line":42},"2":{"loc":{"start":{"line":42,"column":6},"end":{"line":42,"column":37}},"type":"binary-expr","locations":[{"start":{"line":42,"column":6},"end":{"line":42,"column":13}},{"start":{"line":42,"column":17},"end":{"line":42,"column":22}},{"start":{"line":42,"column":26},"end":{"line":42,"column":37}}],"line":42},"3":{"loc":{"start":{"line":50,"column":2},"end":{"line":55,"column":3}},"type":"if","locations":[{"start":{"line":50,"column":2},"end":{"line":55,"column":3}},{"start":{},"end":{}}],"line":50},"4":{"loc":{"start":{"line":77,"column":2},"end":{"line":82,"column":3}},"type":"if","locations":[{"start":{"line":77,"column":2},"end":{"line":82,"column":3}},{"start":{},"end":{}}],"line":77},"5":{"loc":{"start":{"line":85,"column":2},"end":{"line":93,"column":3}},"type":"if","locations":[{"start":{"line":85,"column":2},"end":{"line":93,"column":3}},{"start":{},"end":{}}],"line":85}},"s":{"0":0,"1":0,"2":0,"3":0,"4":0,"5":0,"6":0,"7":0,"8":0,"9":0,"10":0,"11":0,"12":0,"13":0,"14":0,"15":0,"16":0,"17":0,"18":0,"19":0,"20":0,"21":0,"22":0,"23":0,"24":0,"25":0,"26":0},"f":{"0":0,"1":0,"2":0},"b":{"0":[0,0],"1":[0,0],"2":[0,0,0],"3":[0,0],"4":[0,0],"5":[0,0]}}
,"/Users/derenolgun/cs308_backend/models/cartModel.js": {"path":"/Users/derenolgun/cs308_backend/models/cartModel.js","statementMap":{"0":{"start":{"line":1,"column":17},"end":{"line":1,"column":36}},"1":{"start":{"line":3,"column":19},"end":{"line":25,"column":2}},"2":{"start":{"line":27,"column":13},"end":{"line":27,"column":47}},"3":{"start":{"line":28,"column":0},"end":{"line":28,"column":22}}},"fnMap":{},"branchMap":{},"s":{"0":0,"1":0,"2":0,"3":0},"f":{},"b":{}}
,"/Users/derenolgun/cs308_backend/models/categoryModel.js": {"path":"/Users/derenolgun/cs308_backend/models/categoryModel.js","statementMap":{"0":{"start":{"line":1,"column":17},"end":{"line":1,"column":36}},"1":{"start":{"line":3,"column":23},"end":{"line":20,"column":1}},"2":{"start":{"line":23,"column":0},"end":{"line":27,"column":3}},"3":{"start":{"line":30,"column":0},"end":{"line":30,"column":51}},"4":{"start":{"line":31,"column":0},"end":{"line":31,"column":49}},"5":{"start":{"line":33,"column":17},"end":{"line":33,"column":59}},"6":{"start":{"line":34,"column":0},"end":{"line":34,"column":26}}},"fnMap":{},"branchMap":{},"s":{"0":0,"1":0,"2":0,"3":0,"4":0,"5":0,"6":0},"f":{},"b":{}}
,"/Users/derenolgun/cs308_backend/models/orderModel.js": {"path":"/Users/derenolgun/cs308_backend/models/orderModel.js","statementMap":{"0":{"start":{"line":1,"column":17},"end":{"line":1,"column":36}},"1":{"start":{"line":3,"column":20},"end":{"line":24,"column":2}},"2":{"start":{"line":26,"column":0},"end":{"line":26,"column":54}}},"fnMap":{},"branchMap":{},"s":{"0":0,"1":0,"2":0},"f":{},"b":{}}
,"/Users/derenolgun/cs308_backend/models/productModel.js": {"path":"/Users/derenolgun/cs308_backend/models/productModel.js","statementMap":{"0":{"start":{"line":1,"column":17},"end":{"line":1,"column":36}},"1":{"start":{"line":3,"column":22},"end":{"line":68,"column":1}},"2":{"start":{"line":70,"column":16},"end":{"line":70,"column":56}},"3":{"start":{"line":71,"column":0},"end":{"line":71,"column":25}}},"fnMap":{},"branchMap":{},"s":{"0":0,"1":0,"2":0,"3":0},"f":{},"b":{}}
,"/Users/derenolgun/cs308_backend/models/reviewModel.js": {"path":"/Users/derenolgun/cs308_backend/models/reviewModel.js","statementMap":{"0":{"start":{"line":1,"column":17},"end":{"line":1,"column":36}},"1":{"start":{"line":4,"column":21},"end":{"line":35,"column":10}},"2":{"start":{"line":30,"column":14},"end":{"line":30,"column":79}},"3":{"start":{"line":37,"column":23},"end":{"line":37,"column":61}},"4":{"start":{"line":38,"column":8},"end":{"line":38,"column":32}}},"fnMap":{"0":{"name":"(anonymous_0)","decl":{"start":{"line":29,"column":21},"end":{"line":29,"column":22}},"loc":{"start":{"line":29,"column":32},"end":{"line":31,"column":13}},"line":29}},"branchMap":{"0":{"loc":{"start":{"line":30,"column":21},"end":{"line":30,"column":78}},"type":"cond-expr","locations":[{"start":{"line":30,"column":66},"end":{"line":30,"column":71}},{"start":{"line":30,"column":74},"end":{"line":30,"column":78}}],"line":30},"1":{"loc":{"start":{"line":30,"column":21},"end":{"line":30,"column":63}},"type":"binary-expr","locations":[{"start":{"line":30,"column":21},"end":{"line":30,"column":33}},{"start":{"line":30,"column":37},"end":{"line":30,"column":63}}],"line":30}},"s":{"0":0,"1":0,"2":0,"3":0,"4":0},"f":{"0":0},"b":{"0":[0,0],"1":[0,0]}}
,"/Users/derenolgun/cs308_backend/models/userModel.js": {"path":"/Users/derenolgun/cs308_backend/models/userModel.js","statementMap":{"0":{"start":{"line":1,"column":17},"end":{"line":1,"column":36}},"1":{"start":{"line":2,"column":18},"end":{"line":2,"column":38}},"2":{"start":{"line":4,"column":19},"end":{"line":46,"column":1}},"3":{"start":{"line":28,"column":10},"end":{"line":28,"column":38}},"4":{"start":{"line":48,"column":13},"end":{"line":48,"column":47}},"5":{"start":{"line":49,"column":0},"end":{"line":49,"column":22}}},"fnMap":{"0":{"name":"(anonymous_0)","decl":{"start":{"line":27,"column":19},"end":{"line":27,"column":20}},"loc":{"start":{"line":27,"column":33},"end":{"line":29,"column":9}},"line":27}},"branchMap":{},"s":{"0":0,"1":0,"2":0,"3":0,"4":0,"5":0},"f":{"0":0},"b":{}}
,"/Users/derenolgun/cs308_backend/utils/catchAsync.js": {"path":"/Users/derenolgun/cs308_backend/utils/catchAsync.js","statementMap":{"0":{"start":{"line":2,"column":0},"end":{"line":6,"column":4}},"1":{"start":{"line":3,"column":4},"end":{"line":5,"column":6}},"2":{"start":{"line":4,"column":6},"end":{"line":4,"column":37}}},"fnMap":{"0":{"name":"(anonymous_0)","decl":{"start":{"line":2,"column":17},"end":{"line":2,"column":18}},"loc":{"start":{"line":2,"column":23},"end":{"line":6,"column":3}},"line":2},"1":{"name":"(anonymous_1)","decl":{"start":{"line":3,"column":11},"end":{"line":3,"column":12}},"loc":{"start":{"line":3,"column":31},"end":{"line":5,"column":5}},"line":3}},"branchMap":{},"s":{"0":0,"1":0,"2":0},"f":{"0":0,"1":0},"b":{}}
}
